Build started 2017/1/13 20:13:59.
     1>Project "D:\study\实验报告\大三上\计算机图形学\实验项目\Final\Final\Final.vcxproj" on node 2 (Build target(s)).
     1>ClCompile:
         C:\Program Files (x86)\Microsoft Visual Studio 14.0\VC\bin\CL.exe /c /I"D:\study\实验报告\大三上\计算机图形学\实验项目\Final\Final\include" /ZI /nologo /W3 /WX- /sdl /Od /Oy- /D _CRT_SECURE_NO_WARNINGS /D _MBCS /Gm /EHsc /RTC1 /MDd /GS /fp:precise /Zc:wchar_t /Zc:forScope /Zc:inline /Fo"Debug\\" /Fd"Debug\vc140.pdb" /Gd /TP /analyze- /errorReport:prompt vary.cpp
         vary.cpp
     1>d:\study\实验报告\大三上\计算机图形学\实验项目\final\final\include\angel.h(63): warning C4305: 'initializing': truncation from 'double' to 'GLfloat'
     1>d:\study\实验报告\大三上\计算机图形学\实验项目\final\final\include\mat.h(698): warning C4244: '=': conversion from 'double' to 'GLfloat', possible loss of data
     1>d:\study\实验报告\大三上\计算机图形学\实验项目\final\final\include\mat.h(699): warning C4244: '=': conversion from 'double' to 'GLfloat', possible loss of data
     1>d:\study\实验报告\大三上\计算机图形学\实验项目\final\final\include\mat.h(700): warning C4244: '=': conversion from 'double' to 'GLfloat', possible loss of data
     1>d:\study\实验报告\大三上\计算机图形学\实验项目\final\final\include\mat.h(721): warning C4244: '=': conversion from 'double' to 'GLfloat', possible loss of data
     1>d:\study\实验报告\大三上\计算机图形学\实验项目\final\final\include\mat.h(723): warning C4244: '=': conversion from 'double' to 'GLfloat', possible loss of data
     1>d:\study\实验报告\大三上\计算机图形学\实验项目\final\final\include\mat.h(726): warning C4244: '=': conversion from 'double' to 'GLfloat', possible loss of data
     1>d:\study\实验报告\大三上\计算机图形学\实验项目\final\final\include\mat.h(743): warning C4244: '=': conversion from 'double' to 'GLfloat', possible loss of data
     1>d:\study\实验报告\大三上\计算机图形学\实验项目\final\final\vary.cpp(9): warning C4305: 'argument': truncation from 'double' to 'GLfloat'
     1>d:\study\实验报告\大三上\计算机图形学\实验项目\final\final\vary.cpp(10): warning C4305: 'argument': truncation from 'double' to 'GLfloat'
     1>d:\study\实验报告\大三上\计算机图形学\实验项目\final\final\vary.cpp(11): warning C4305: 'argument': truncation from 'double' to 'GLfloat'
     1>d:\study\实验报告\大三上\计算机图形学\实验项目\final\final\vary.cpp(12): warning C4305: 'argument': truncation from 'double' to 'GLfloat'
     1>d:\study\实验报告\大三上\计算机图形学\实验项目\final\final\vary.cpp(17): warning C4305: 'initializing': truncation from 'double' to 'float'
     1>d:\study\实验报告\大三上\计算机图形学\实验项目\final\final\vary.cpp(48): warning C4305: 'initializing': truncation from 'double' to 'float'
     1>d:\study\实验报告\大三上\计算机图形学\实验项目\final\final\vary.cpp(57): warning C4305: 'argument': truncation from 'double' to 'GLfloat'
     1>d:\study\实验报告\大三上\计算机图形学\实验项目\final\final\vary.cpp(63): warning C4305: 'initializing': truncation from 'double' to 'float'
     1>d:\study\实验报告\大三上\计算机图形学\实验项目\final\final\vary.cpp(64): warning C4305: 'initializing': truncation from 'double' to 'float'
     1>d:\study\实验报告\大三上\计算机图形学\实验项目\final\final\vary.cpp(73): warning C4305: 'initializing': truncation from 'double' to 'float'
     1>d:\study\实验报告\大三上\计算机图形学\实验项目\final\final\vary.cpp(102): warning C4305: 'initializing': truncation from 'double' to 'float'
     1>d:\study\实验报告\大三上\计算机图形学\实验项目\final\final\vary.cpp(131): warning C4305: 'argument': truncation from 'double' to 'GLfloat'
       Link:
         C:\Program Files (x86)\Microsoft Visual Studio 14.0\VC\bin\link.exe /ERRORREPORT:PROMPT /OUT:"D:\study\实验报告\大三上\计算机图形学\实验项目\Final\Debug\Final.exe" /INCREMENTAL /NOLOGO kernel32.lib user32.lib gdi32.lib winspool.lib comdlg32.lib advapi32.lib shell32.lib ole32.lib oleaut32.lib uuid.lib odbc32.lib odbccp32.lib /MANIFEST /MANIFESTUAC:"level='asInvoker' uiAccess='false'" /manifest:embed /Debug /PDB:"D:\study\实验报告\大三上\计算机图形学\实验项目\Final\Debug\Final.pdb" /TLBID:1 /DYNAMICBASE /NXCOMPAT /IMPLIB:"D:\study\实验报告\大三上\计算机图形学\实验项目\Final\Debug\Final.lib" /MACHINE:X86 Debug\InitShader.obj
         Debug\main.obj
         Debug\mesh.obj
         Debug\Mesh_Painter.obj
         Debug\vary.obj
         Final.vcxproj -> D:\study\实验报告\大三上\计算机图形学\实验项目\Final\Debug\Final.exe
     1>Done Building Project "D:\study\实验报告\大三上\计算机图形学\实验项目\Final\Final\Final.vcxproj" (Build target(s)).

Build succeeded.

Time Elapsed 00:00:01.37
